<?xml version="1.0" encoding="UTF-8"?>
<!-- Generated by org.testng.reporters.JUnitReportReporter -->
<testsuite hostname="DESKTOP-5J6CC5A" failures="0" tests="5" name="testNGAnnotations_Flag.ActiTimeDataProviderFlag" time="21.210" errors="0" timestamp="2023-12-07T12:55:42 IST" skipped="0">
  <testcase classname="testNGAnnotations_Flag.ActiTimeDataProviderFlag" name="invalidLoginMethod" time="3.538"/>
  <testcase classname="testNGAnnotations_Flag.ActiTimeDataProviderFlag" name="invalidLoginMethod" time="4.963"/>
  <testcase classname="testNGAnnotations_Flag.ActiTimeDataProviderFlag" name="invalidLoginMethod" time="4.732"/>
  <testcase classname="testNGAnnotations_Flag.ActiTimeDataProviderFlag" name="invalidLoginMethod" time="3.984"/>
  <testcase classname="testNGAnnotations_Flag.ActiTimeDataProviderFlag" name="invalidLoginMethod" time="3.993"/>
</testsuite> <!-- testNGAnnotations_Flag.ActiTimeDataProviderFlag -->
