<?xml version="1.0" encoding="UTF-8"?>
<!-- Generated by org.testng.reporters.JUnitReportReporter -->
<testsuite hostname="DESKTOP-5J6CC5A" failures="0" tests="1" name="testNGAnnotations_Flag.Flag6" time="0.063" errors="0" timestamp="2023-12-04T12:09:26 IST" skipped="0">
  <testcase classname="testNGAnnotations_Flag.Flag6" name="ft6" time="0.063">
    <system-out>
      <![CDATA[ft6]]>
    </system-out>
  </testcase> <!-- ft6 -->
  <system-out>
    <![CDATA[ft6]]>
  </system-out>
</testsuite> <!-- testNGAnnotations_Flag.Flag6 -->
