<?xml version="1.0" encoding="UTF-8"?>
<!-- Generated by org.testng.reporters.JUnitReportReporter -->
<testsuite hostname="DESKTOP-5J6CC5A" failures="0" tests="3" name="testNGAnnotations_Flag.Flag5" time="0.095" errors="0" timestamp="2023-12-04T11:26:39 IST" skipped="0">
  <testcase classname="testNGAnnotations_Flag.Flag5" name="loginMethod" time="0.075">
    <system-out>
      <![CDATA[Method 1 for login page]]>
    </system-out>
  </testcase> <!-- loginMethod -->
  <testcase classname="testNGAnnotations_Flag.Flag5" name="logoutMethod" time="0.011">
    <system-out>
      <![CDATA[Method 3 for logout page]]>
    </system-out>
  </testcase> <!-- logoutMethod -->
  <testcase classname="testNGAnnotations_Flag.Flag5" name="createUserMethod" time="0.009">
    <system-out>
      <![CDATA[Method2 for users page]]>
    </system-out>
  </testcase> <!-- createUserMethod -->
  <system-out>
    <![CDATA[Method 1 for login page
Method 3 for logout page
Method2 for users page]]>
  </system-out>
</testsuite> <!-- testNGAnnotations_Flag.Flag5 -->
