<?xml version="1.0" encoding="UTF-8"?>
<!-- Generated by org.testng.reporters.JUnitReportReporter -->
<testsuite hostname="DESKTOP-5J6CC5A" failures="0" tests="10" name="testNGAnnotations_Flag.Flag3" time="0.143" errors="0" timestamp="2023-12-02T12:29:54 IST" skipped="0">
  <testcase classname="testNGAnnotations_Flag.Flag3" name="method1" time="0.011">
    <system-out>
      <![CDATA[Login!!]]>
    </system-out>
  </testcase> <!-- method1 -->
  <testcase classname="testNGAnnotations_Flag.Flag3" name="method1" time="0.064">
    <system-out>
      <![CDATA[Login!!]]>
    </system-out>
  </testcase> <!-- method1 -->
  <testcase classname="testNGAnnotations_Flag.Flag3" name="method1" time="0.007">
    <system-out>
      <![CDATA[Login!!]]>
    </system-out>
  </testcase> <!-- method1 -->
  <testcase classname="testNGAnnotations_Flag.Flag3" name="method1" time="0.007">
    <system-out>
      <![CDATA[Login!!]]>
    </system-out>
  </testcase> <!-- method1 -->
  <testcase classname="testNGAnnotations_Flag.Flag3" name="method1" time="0.010">
    <system-out>
      <![CDATA[Login!!]]>
    </system-out>
  </testcase> <!-- method1 -->
  <testcase classname="testNGAnnotations_Flag.Flag3" name="method1" time="0.007">
    <system-out>
      <![CDATA[Login!!]]>
    </system-out>
  </testcase> <!-- method1 -->
  <testcase classname="testNGAnnotations_Flag.Flag3" name="method1" time="0.014">
    <system-out>
      <![CDATA[Login!!]]>
    </system-out>
  </testcase> <!-- method1 -->
  <testcase classname="testNGAnnotations_Flag.Flag3" name="method1" time="0.007">
    <system-out>
      <![CDATA[Login!!]]>
    </system-out>
  </testcase> <!-- method1 -->
  <testcase classname="testNGAnnotations_Flag.Flag3" name="method1" time="0.007">
    <system-out>
      <![CDATA[Login!!]]>
    </system-out>
  </testcase> <!-- method1 -->
  <testcase classname="testNGAnnotations_Flag.Flag3" name="method1" time="0.009">
    <system-out>
      <![CDATA[Login!!]]>
    </system-out>
  </testcase> <!-- method1 -->
  <system-out>
    <![CDATA[Login!!
Login!!
Login!!
Login!!
Login!!
Login!!
Login!!
Login!!
Login!!
Login!!]]>
  </system-out>
</testsuite> <!-- testNGAnnotations_Flag.Flag3 -->
