<?xml version="1.0" encoding="UTF-8"?>
<!-- Generated by org.testng.reporters.JUnitReportReporter -->
<testsuite hostname="DESKTOP-5J6CC5A" failures="0" tests="1" name="testNGPackage.Remo" time="0.006" errors="0" timestamp="2023-11-30T11:55:43 IST" skipped="0">
  <testcase classname="testNGPackage.Remo" name="f" time="0.006"/>
</testsuite> <!-- testNGPackage.Remo -->
